<?xml version="1.0" encoding="UTF-8"?>
<!-- Generated by org.testng.reporters.JUnitReportReporter -->
<testsuite hostname="DESKTOP-TRSE7LV" failures="0" tests="1" name="Testngp1.Honda" time="7.566" errors="0" timestamp="2024-01-26T11:32:57 IST" skipped="0">
  <testcase classname="Testngp1.Honda" name="honda" time="7.566"/>
</testsuite> <!-- Testngp1.Honda -->
