<?xml version="1.0" encoding="UTF-8"?>
<!-- Generated by org.testng.reporters.JUnitReportReporter -->
<testsuite hostname="DESKTOP-TRSE7LV" failures="0" tests="1" name="TestngP2.asian" time="87.248" errors="0" timestamp="2024-01-26T11:13:28 IST" skipped="0">
  <testcase classname="TestngP2.asian" name="Asian" time="87.248"/>
</testsuite> <!-- TestngP2.asian -->
