<?xml version="1.0" encoding="UTF-8"?>
<!-- Generated by org.testng.reporters.JUnitReportReporter -->
<testsuite hostname="DESKTOP-TRSE7LV" failures="0" tests="2" name="TestNg1.UrlParameterized" time="13.011" errors="0" timestamp="2024-01-31T10:48:20 IST" skipped="0">
  <testcase classname="TestNg1.UrlParameterized" name="dws1" time="5.703"/>
  <testcase classname="TestNg1.UrlParameterized" name="dws" time="7.308"/>
</testsuite> <!-- TestNg1.UrlParameterized -->
