<?xml version="1.0" encoding="UTF-8"?>
<!-- Generated by org.testng.reporters.JUnitReportReporter -->
<testsuite hostname="DESKTOP-TRSE7LV" failures="0" tests="1" name="TestngP2.Bata" time="86.397" errors="0" timestamp="2024-01-26T11:13:28 IST" skipped="0">
  <testcase classname="TestngP2.Bata" name="bata" time="86.397"/>
</testsuite> <!-- TestngP2.Bata -->
