<?xml version="1.0" encoding="UTF-8"?>
<!-- Generated by org.testng.reporters.JUnitReportReporter -->
<testsuite hostname="DESKTOP-TRSE7LV" failures="0" tests="1" name="TestNg1.DifferentBrowsers" time="24.498" errors="0" timestamp="2024-01-31T11:20:02 IST" skipped="0">
  <testcase classname="TestNg1.DifferentBrowsers" name="browsers" time="24.498">
    <system-out>
      <![CDATA[firefox]]>
    </system-out>
  </testcase> <!-- browsers -->
  <system-out>
    <![CDATA[firefox]]>
  </system-out>
</testsuite> <!-- TestNg1.DifferentBrowsers -->
