<?xml version="1.0" encoding="UTF-8"?>
<!-- Generated by org.testng.reporters.JUnitReportReporter -->
<testsuite hostname="DESKTOP-TRSE7LV" failures="0" tests="2" name="TestNg1.DataproviderSenderAndReceviver" time="18.386" errors="0" timestamp="2024-01-29T11:24:13 IST" skipped="0">
  <testcase classname="TestNg1.DataproviderSenderAndReceviver" name="receiver" time="9.059"/>
  <testcase classname="TestNg1.DataproviderSenderAndReceviver" name="receiver" time="9.327"/>
</testsuite> <!-- TestNg1.DataproviderSenderAndReceviver -->
