<?xml version="1.0" encoding="UTF-8"?>
<!-- Generated by org.testng.reporters.JUnitReportReporter -->
<testsuite hostname="DESKTOP-TRSE7LV" failures="0" tests="3" name="TestNg1.DWS" time="15.649" errors="0" timestamp="2024-01-24T20:37:48 IST" skipped="0">
  <testcase classname="TestNg1.DWS" name="D" time="0.002">
    <system-out>
      <![CDATA[bye]]>
    </system-out>
  </testcase> <!-- D -->
  <testcase classname="TestNg1.DWS" name="sw" time="15.637">
    <system-out>
      <![CDATA[dws]]>
    </system-out>
  </testcase> <!-- sw -->
  <testcase classname="TestNg1.DWS" name="A" time="0.010"/>
  <system-out>
    <![CDATA[bye
dws]]>
  </system-out>
</testsuite> <!-- TestNg1.DWS -->
