<?xml version="1.0" encoding="UTF-8"?>
<!-- Generated by org.testng.reporters.JUnitReportReporter -->
<testsuite hostname="DESKTOP-TRSE7LV" failures="0" tests="1" name="Assertion.HardAndSoftAssert" time="13.723" errors="0" timestamp="2024-02-03T14:05:37 IST" skipped="0">
  <testcase classname="Assertion.HardAndSoftAssert" name="dws" time="13.723"/>
</testsuite> <!-- Assertion.HardAndSoftAssert -->
