<?xml version="1.0" encoding="UTF-8"?>
<!-- Generated by org.testng.reporters.JUnitReportReporter -->
<testsuite hostname="DESKTOP-TRSE7LV" failures="0" tests="2" name="DataProviderWithExternalData.DynamicRowcell" time="21.609" errors="0" timestamp="2024-01-30T12:10:29 IST" skipped="0">
  <testcase classname="DataProviderWithExternalData.DynamicRowcell" name="receiver" time="10.832"/>
  <testcase classname="DataProviderWithExternalData.DynamicRowcell" name="receiver" time="10.777"/>
</testsuite> <!-- DataProviderWithExternalData.DynamicRowcell -->
