<?xml version="1.0" encoding="UTF-8"?>
<!-- Generated by org.testng.reporters.JUnitReportReporter -->
<testsuite hostname="DESKTOP-TRSE7LV" failures="0" tests="2" name="TestNg1.Dataprovider" time="20.641" errors="0" timestamp="2024-01-29T11:13:01 IST" skipped="0">
  <testcase classname="TestNg1.Dataprovider" name="receiver" time="9.320"/>
  <testcase classname="TestNg1.Dataprovider" name="receiver" time="11.321"/>
</testsuite> <!-- TestNg1.Dataprovider -->
