<?xml version="1.0" encoding="UTF-8"?>
<!-- Generated by org.testng.reporters.JUnitReportReporter -->
<testsuite hostname="DESKTOP-TRSE7LV" failures="0" tests="1" name="TestNg1.FetchingTheDataFromExternal" time="18.472" errors="0" timestamp="2024-01-30T11:10:44 IST" skipped="0">
  <testcase classname="TestNg1.FetchingTheDataFromExternal" name="Dwslogin" time="18.472"/>
</testsuite> <!-- TestNg1.FetchingTheDataFromExternal -->
