<?xml version="1.0" encoding="UTF-8"?>
<!-- Generated by org.testng.reporters.JUnitReportReporter -->
<testsuite hostname="DESKTOP-TRSE7LV" failures="0" tests="5" name="TestNg1.Priority" time="44.492" errors="0" timestamp="2024-01-24T20:55:31 IST" skipped="0">
  <testcase classname="TestNg1.Priority" name="bmw" time="13.906"/>
  <testcase classname="TestNg1.Priority" name="dws" time="7.140"/>
  <testcase classname="TestNg1.Priority" name="agoda" time="7.759"/>
  <testcase classname="TestNg1.Priority" name="agoda" time="8.021"/>
  <testcase classname="TestNg1.Priority" name="agoda" time="7.666"/>
</testsuite> <!-- TestNg1.Priority -->
