<?xml version="1.0" encoding="UTF-8"?>
<!-- Generated by org.testng.reporters.JUnitReportReporter -->
<testsuite hostname="DESKTOP-TRSE7LV" failures="0" tests="1" name="POM.ExecuteDwsHomePage" time="9.320" errors="0" timestamp="2024-02-02T18:03:06 IST" skipped="0">
  <testcase classname="POM.ExecuteDwsHomePage" name="reciver" time="9.320"/>
</testsuite> <!-- POM.ExecuteDwsHomePage -->
