<?xml version="1.0" encoding="UTF-8"?>
<!-- Generated by org.testng.reporters.JUnitReportReporter -->
<testsuite hostname="DESKTOP-TRSE7LV" failures="0" tests="1" name="TestNg1.mainAndTest" time="8.701" errors="0" timestamp="2024-01-24T20:41:57 IST" skipped="0">
  <testcase classname="TestNg1.mainAndTest" name="sw" time="8.701">
    <system-out>
      <![CDATA[dws]]>
    </system-out>
  </testcase> <!-- sw -->
  <system-out>
    <![CDATA[dws]]>
  </system-out>
</testsuite> <!-- TestNg1.mainAndTest -->
