<?xml version="1.0" encoding="UTF-8"?>
<!-- Generated by org.testng.reporters.JUnitReportReporter -->
<testsuite hostname="DESKTOP-TRSE7LV" failures="0" tests="2" name="DataProviderWithExternalData.DataProviderSenderAndReceiver" time="21.609" errors="0" timestamp="2024-01-30T11:36:00 IST" skipped="0">
  <testcase classname="DataProviderWithExternalData.DataProviderSenderAndReceiver" name="receiver" time="9.843"/>
  <testcase classname="DataProviderWithExternalData.DataProviderSenderAndReceiver" name="receiver" time="11.766"/>
</testsuite> <!-- DataProviderWithExternalData.DataProviderSenderAndReceiver -->
