<?xml version="1.0" encoding="UTF-8"?>
<!-- Generated by org.testng.reporters.JUnitReportReporter -->
<testsuite hostname="DESKTOP-TRSE7LV" failures="0" tests="1" name="Testngp1.Ktm" time="9.022" errors="0" timestamp="2024-01-26T11:32:58 IST" skipped="0">
  <testcase classname="Testngp1.Ktm" name="honda" time="9.022"/>
</testsuite> <!-- Testngp1.Ktm -->
